Using pre-set license
Built from '2020.3/staging' branch; Version is '2020.3.25f1 (9b9180224418) revision 10195328'; Using compiler version '192528614'; Build Type 'Release'
OS: 'Windows 10  (10.0.19044) 64bit Core' Language: 'en' Physical Memory: 16326 MB
BatchMode: 1, IsHumanControllingUs: 0, StartBugReporterOnCrash: 0, Is64bit: 1, IsPro: 0

COMMAND LINE ARGUMENTS:
E:\unity\2020.3.25f1\Editor\Unity.exe
-adb2
-batchMode
-noUpm
-name
AssetImportWorker0
-projectPath
E:/Projects/Headshot
-logFile
Logs/AssetImportWorker0.log
-srvPort
62174
Successfully changed project path to: E:/Projects/Headshot
E:/Projects/Headshot
Using Asset Import Pipeline V2.
Refreshing native plugins compatible for Editor in 26.28 ms, found 3 plugins.
Preloading 0 native plugins for Editor in 0.00 ms.
Initialize engine version: 2020.3.25f1 (9b9180224418)
[Subsystems] Discovering subsystems at path E:/unity/2020.3.25f1/Editor/Data/Resources/UnitySubsystems
[Subsystems] Discovering subsystems at path E:/Projects/Headshot/Assets
GfxDevice: creating device client; threaded=0
Direct3D:
    Version:  Direct3D 11.0 [level 11.1]
    Renderer: NVIDIA GeForce GTX 1660 (ID=0x2184)
    Vendor:   
    VRAM:     5991 MB
    Driver:   30.0.15.1123
Initialize mono
Mono path[0] = 'E:/unity/2020.3.25f1/Editor/Data/Managed'
Mono path[1] = 'E:/unity/2020.3.25f1/Editor/Data/MonoBleedingEdge/lib/mono/unityjit'
Mono config path = 'E:/unity/2020.3.25f1/Editor/Data/MonoBleedingEdge/etc'
Using monoOptions --debugger-agent=transport=dt_socket,embedding=1,server=y,suspend=n,address=127.0.0.1:56816
Begin MonoManager ReloadAssembly
Registering precompiled unity dll's ...
Register platform support module: E:/unity/2020.3.25f1/Editor/Data/PlaybackEngines/WebGLSupport/UnityEditor.WebGL.Extensions.dll
Register platform support module: E:/unity/2020.3.25f1/Editor/Data/PlaybackEngines/WindowsStandaloneSupport/UnityEditor.WindowsStandalone.Extensions.dll
Registered in 0.000865 seconds.
Native extension for WindowsStandalone target not found
Native extension for WebGL target not found
Refreshing native plugins compatible for Editor in 24.59 ms, found 3 plugins.
Preloading 0 native plugins for Editor in 0.00 ms.
Mono: successfully reloaded assembly
- Completed reload, in  0.491 seconds
Domain Reload Profiling:
	ReloadAssembly (492ms)
		BeginReloadAssembly (43ms)
			ExecutionOrderSort (0ms)
			DisableScriptedObjects (0ms)
			BackupInstance (0ms)
			ReleaseScriptingObjects (0ms)
			CreateAndSetChildDomain (1ms)
		EndReloadAssembly (396ms)
			LoadAssemblies (42ms)
			RebuildTransferFunctionScriptingTraits (0ms)
			SetupTypeCache (144ms)
			ReleaseScriptCaches (0ms)
			RebuildScriptCaches (24ms)
			SetupLoadedEditorAssemblies (143ms)
				LogAssemblyErrors (0ms)
				InitializePlatformSupportModulesInManaged (4ms)
				SetLoadedEditorAssemblies (0ms)
				RefreshPlugins (25ms)
				BeforeProcessingInitializeOnLoad (13ms)
				ProcessInitializeOnLoadAttributes (74ms)
				ProcessInitializeOnLoadMethodAttributes (27ms)
				AfterProcessingInitializeOnLoad (0ms)
				EditorAssembliesLoaded (0ms)
			ExecutionOrderSort2 (0ms)
			AwakeInstancesAfterBackupRestoration (0ms)
Platform modules already initialized, skipping
Registering precompiled user dll's ...
Registered in 0.003777 seconds.
Begin MonoManager ReloadAssembly
Native extension for WindowsStandalone target not found
Native extension for WebGL target not found
Refreshing native plugins compatible for Editor in 0.32 ms, found 3 plugins.
Preloading 0 native plugins for Editor in 0.00 ms.
System.Reflection.TargetInvocationException: Exception has been thrown by the target of an invocation. ---> System.NullReferenceException: Object reference not set to an instance of an object
  at UniGit.Utils.GitReflectionHelper..ctor () [0x00029] in D:\My Documents\My Pictures\My Art\Games\UniGit\Assets\Plugins\UniGit\Editor\Utils\GitReflectionHelper.cs:16 
  at (wrapper managed-to-native) System.Reflection.MonoCMethod.InternalInvoke(System.Reflection.MonoCMethod,object,object[],System.Exception&)
  at System.Reflection.MonoCMethod.InternalInvoke (System.Object obj, System.Object[] parameters) [0x00002] in <695d1cc93cca45069c528c15c9fdd749>:0 
   --- End of inner exception stack trace ---
  at System.Reflection.MonoCMethod.InternalInvoke (System.Object obj, System.Object[] parameters) [0x00014] in <695d1cc93cca45069c528c15c9fdd749>:0 
  at System.RuntimeType.CreateInstanceMono (System.Boolean nonPublic) [0x000a8] in <695d1cc93cca45069c528c15c9fdd749>:0 
  at System.RuntimeType.CreateInstanceSlow (System.Boolean publicOnly, System.Boolean skipCheckThis, System.Boolean fillCache, System.Threading.StackCrawlMark& stackMark) [0x00009] in <695d1cc93cca45069c528c15c9fdd749>:0 
  at System.RuntimeType.CreateInstanceDefaultCtor (System.Boolean publicOnly, System.Boolean skipCheckThis, System.Boolean fillCache, System.Threading.StackCrawlMark& stackMark) [0x00027] in <695d1cc93cca45069c528c15c9fdd749>:0 
  at System.Activator.CreateInstance (System.Type type, System.Boolean nonPublic) [0x00020] in <695d1cc93cca45069c528c15c9fdd749>:0 
  at System.Activator.CreateInstance (System.Type type) [0x00000] in <695d1cc93cca45069c528c15c9fdd749>:0 
  at UniGit.Utils.InjectionHelper.CreateInstance (System.Type type, System.Object[] additionalArguments) [0x000a2] in D:\My Documents\My Pictures\My Art\Games\UniGit\Assets\Plugins\UniGit\Editor\Utils\InjectionHelper.cs:87 
  at UniGit.Utils.InjectionHelper+Resolve.CreateInstance (UniGit.Utils.InjectionHelper injectionHelper) [0x00040] in D:\My Documents\My Pictures\My Art\Games\UniGit\Assets\Plugins\UniGit\Editor\Utils\InjectionHelper.cs:545 
  at UniGit.Utils.InjectionHelper+Resolve.EnsureInstance (UniGit.Utils.InjectionHelper injectionHelper) [0x00010] in D:\My Documents\My Pictures\My Art\Games\UniGit\Assets\Plugins\UniGit\Editor\Utils\InjectionHelper.cs:552 
  at UniGit.Utils.InjectionHelper+Resolve.GetInstance (UniGit.Utils.InjectionHelper injectionHelper) [0x0000f] in D:\My Documents\My Pictures\My Art\Games\UniGit\Assets\Plugins\UniGit\Editor\Utils\InjectionHelper.cs:529 
  at UniGit.Utils.InjectionHelper.GetInstance[T] () [0x0004f] in D:\My Documents\My Pictures\My Art\Games\UniGit\Assets\Plugins\UniGit\Editor\Utils\InjectionHelper.cs:314 
  at UniGit.UniGitLoader.Rebuild (UniGit.Utils.InjectionHelper injectionHelper) [0x00055] in D:\My Documents\My Pictures\My Art\Games\UniGit\Assets\Plugins\UniGit\Editor\UniGitLoader.cs:105 
  at UniGit.UniGitLoader..cctor () [0x00347] in D:\My Documents\My Pictures\My Art\Games\UniGit\Assets\Plugins\UniGit\Editor\UniGitLoader.cs:82 
UnityEngine.StackTraceUtility:ExtractStackTrace ()
UnityEngine.DebugLogHandler:LogFormat (UnityEngine.LogType,UnityEngine.Object,string,object[])
UnityEngine.Logger:Log (UnityEngine.LogType,object)
UnityEngine.Debug:LogError (object)
UnityEditor.EditorAssemblies:ProcessInitializeOnLoadAttributes (System.Type[])

Mono: successfully reloaded assembly
- Completed reload, in  0.866 seconds
Domain Reload Profiling:
	ReloadAssembly (866ms)
		BeginReloadAssembly (118ms)
			ExecutionOrderSort (0ms)
			DisableScriptedObjects (4ms)
			BackupInstance (0ms)
			ReleaseScriptingObjects (0ms)
			CreateAndSetChildDomain (14ms)
		EndReloadAssembly (700ms)
			LoadAssemblies (80ms)
			RebuildTransferFunctionScriptingTraits (0ms)
			SetupTypeCache (231ms)
			ReleaseScriptCaches (0ms)
			RebuildScriptCaches (39ms)
			SetupLoadedEditorAssemblies (267ms)
				LogAssemblyErrors (0ms)
				InitializePlatformSupportModulesInManaged (5ms)
				SetLoadedEditorAssemblies (0ms)
				RefreshPlugins (0ms)
				BeforeProcessingInitializeOnLoad (60ms)
				ProcessInitializeOnLoadAttributes (192ms)
				ProcessInitializeOnLoadMethodAttributes (7ms)
				AfterProcessingInitializeOnLoad (2ms)
				EditorAssembliesLoaded (0ms)
			ExecutionOrderSort2 (0ms)
			AwakeInstancesAfterBackupRestoration (6ms)
Platform modules already initialized, skipping
========================================================================
Worker process is ready to serve import requests
Launched and connected shader compiler UnityShaderCompiler.exe after 0.07 seconds
Refreshing native plugins compatible for Editor in 0.33 ms, found 3 plugins.
Preloading 0 native plugins for Editor in 0.00 ms.
Unloading 1508 Unused Serialized files (Serialized files now loaded: 0)
System memory in use before: 68.0 MB.
System memory in use after: 68.1 MB.

Unloading 27 unused Assets to reduce memory usage. Loaded Objects now: 1955.
Total: 2.170900 ms (FindLiveObjects: 0.113300 ms CreateObjectMapping: 0.041300 ms MarkObjects: 1.974700 ms  DeleteObjects: 0.040900 ms)

AssetImportParameters requested are different than current active one (requested -> active):
  custom:framework-win-MediaFoundation: 216162199b28c13a410421893ffa2e32 -> 
  custom:video-decoder-ogg-theora: a1e56fd34408186e4bbccfd4996cb3dc -> 
  custom:container-muxer-webm: aa71ff27fc2769a1b78a27578f13a17b -> 
  custom:container-demuxer-webm: 4f35f7cbe854078d1ac9338744f61a02 -> 
  custom:container-demuxer-ogg: 62fdf1f143b41e24485cea50d1cbac27 -> 
  custom:video-encoder-webm-vp8: eb34c28f22e8b96e1ab97ce403110664 -> 
  custom:video-codec-MediaFoundation-h265: 746d11721c4dcdbdad8f713fa42b33f4 -> 
  custom:video-decoder-webm-vp8: 9c59270c3fd7afecdb556c50c9e8de78 -> 
  custom:audio-decoder-ogg-vorbis: bf7c407c2cedff20999df2af8eb42d56 -> 
  custom:audio-encoder-webm-vorbis: bf7c407c2cedff20999df2af8eb42d56 -> 
========================================================================
Received Import Request.
  path: Assets/Plugins
  artifactKey: Guid(440715b1ff9156d45b77a0bc9bbd574b) Importer(815301076,1909f56bfc062723c751e8b465ee728b)
Start importing Assets/Plugins using Guid(440715b1ff9156d45b77a0bc9bbd574b) Importer(815301076,1909f56bfc062723c751e8b465ee728b)  -> (artifact id: '5cdb95c45927720eb7f093b81a42f59e') in 0.006506 seconds 
  Import took 0.008435 seconds .

========================================================================
Received Import Request.
  Time since last request: 17.235058 seconds.
  path: Assets/Plugins/UniGit
  artifactKey: Guid(2ef819fce29681040b45466246073647) Importer(815301076,1909f56bfc062723c751e8b465ee728b)
Start importing Assets/Plugins/UniGit using Guid(2ef819fce29681040b45466246073647) Importer(815301076,1909f56bfc062723c751e8b465ee728b)  -> (artifact id: 'cf93ccc0f459a71277da5cfcac9e45d7') in 0.006156 seconds 
  Import took 0.008313 seconds .

========================================================================
Received Import Request.
  Time since last request: 129.093113 seconds.
  path: Assets
  artifactKey: Guid(00000000000000001000000000000000) Importer(815301076,1909f56bfc062723c751e8b465ee728b)
Start importing Assets using Guid(00000000000000001000000000000000) Importer(815301076,1909f56bfc062723c751e8b465ee728b)  -> (artifact id: '42d402b061de3733987d63b9cc3b64de') in 0.007191 seconds 
  Import took 0.009515 seconds .

========================================================================
Received Import Request.
  Time since last request: 12.620325 seconds.
  path: Assets/Materials
  artifactKey: Guid(be6f59f2bccf5da45b08c5460c0065b0) Importer(815301076,1909f56bfc062723c751e8b465ee728b)
Start importing Assets/Materials using Guid(be6f59f2bccf5da45b08c5460c0065b0) Importer(815301076,1909f56bfc062723c751e8b465ee728b)  -> (artifact id: 'efde0f852d907413cb6082f2217434bb') in 0.006059 seconds 
  Import took 0.008807 seconds .

========================================================================
Received Import Request.
  Time since last request: 7.678562 seconds.
  path: Assets/Materials/New Material.mat
  artifactKey: Guid(3ab3602a1b299e244b985f829a3f4346) Importer(815301076,1909f56bfc062723c751e8b465ee728b)
Start importing Assets/Materials/New Material.mat using Guid(3ab3602a1b299e244b985f829a3f4346) Importer(815301076,1909f56bfc062723c751e8b465ee728b)  -> (artifact id: '3f3c149ace990790968f3fabfd4ab743') in 0.086990 seconds 
  Import took 0.089327 seconds .

========================================================================
Received Import Request.
  Time since last request: 18.148383 seconds.
  path: Assets/Materials/PlayerMaterial.mat
  artifactKey: Guid(3ab3602a1b299e244b985f829a3f4346) Importer(815301076,1909f56bfc062723c751e8b465ee728b)
Start importing Assets/Materials/PlayerMaterial.mat using Guid(3ab3602a1b299e244b985f829a3f4346) Importer(815301076,1909f56bfc062723c751e8b465ee728b)  -> (artifact id: '84dda33154c1d37fae4334d19f90a791') in 0.015858 seconds 
  Import took 0.018395 seconds .

========================================================================
Received Import Request.
  Time since last request: 28.325191 seconds.
  path: Assets/Materials/PlatformMaterial.mat
  artifactKey: Guid(0f0dfc328bed4244b86772b691035519) Importer(815301076,1909f56bfc062723c751e8b465ee728b)
Start importing Assets/Materials/PlatformMaterial.mat using Guid(0f0dfc328bed4244b86772b691035519) Importer(815301076,1909f56bfc062723c751e8b465ee728b)  -> (artifact id: '0ff4b095bf211a3d7f0a9cf3bf4ee23f') in 0.018222 seconds 
  Import took 0.020589 seconds .

========================================================================
Received Import Request.
  Time since last request: 24.684971 seconds.
  path: Assets/Materials/EnemyMaterial.mat
  artifactKey: Guid(044c418f546d3bb4ea000e72f53bd874) Importer(815301076,1909f56bfc062723c751e8b465ee728b)
Start importing Assets/Materials/EnemyMaterial.mat using Guid(044c418f546d3bb4ea000e72f53bd874) Importer(815301076,1909f56bfc062723c751e8b465ee728b)  -> (artifact id: '9450bd6c956e971a6abed998e71bef45') in 0.011065 seconds 
  Import took 0.013610 seconds .

========================================================================
Received Import Request.
  Time since last request: 163.752049 seconds.
  path: Assets/Materials/EnemyMaterial.mat
  artifactKey: Guid(044c418f546d3bb4ea000e72f53bd874) Importer(815301076,1909f56bfc062723c751e8b465ee728b)
Start importing Assets/Materials/EnemyMaterial.mat using Guid(044c418f546d3bb4ea000e72f53bd874) Importer(815301076,1909f56bfc062723c751e8b465ee728b)  -> (artifact id: 'f1bfc11736cc77d4e62d4ad20969fae4') in 0.013050 seconds 
  Import took 0.015151 seconds .

========================================================================
Received Import Request.
  Time since last request: 0.000250 seconds.
  path: Assets/Materials/PlayerMaterial.mat
  artifactKey: Guid(3ab3602a1b299e244b985f829a3f4346) Importer(815301076,1909f56bfc062723c751e8b465ee728b)
Start importing Assets/Materials/PlayerMaterial.mat using Guid(3ab3602a1b299e244b985f829a3f4346) Importer(815301076,1909f56bfc062723c751e8b465ee728b)  -> (artifact id: 'ab39d32f6d30f3f287d2fc042f2b17ed') in 0.014246 seconds 
  Import took 0.017028 seconds .

========================================================================
Received Import Request.
  Time since last request: 0.000209 seconds.
  path: Assets/Materials/PlatformMaterial.mat
  artifactKey: Guid(0f0dfc328bed4244b86772b691035519) Importer(815301076,1909f56bfc062723c751e8b465ee728b)
Start importing Assets/Materials/PlatformMaterial.mat using Guid(0f0dfc328bed4244b86772b691035519) Importer(815301076,1909f56bfc062723c751e8b465ee728b)  -> (artifact id: 'f737220e3d22a337fde8fddcc2e6f051') in 0.023924 seconds 
  Import took 0.026435 seconds .

AssetImportWorkerClient::OnTransportError - code=2 error=End of file
